<?xml version="1.0" encoding="UTF-8"?>
<testng-results ignored="0" total="1" passed="1" failed="0" skipped="0">
  <reporter-output>
  </reporter-output>
  <suite started-at="2018-09-01T08:31:55Z" name="Default suite" finished-at="2018-09-01T08:32:28Z" duration-ms="32155">
    <groups>
    </groups>
    <test started-at="2018-09-01T08:31:55Z" name="Default test" finished-at="2018-09-01T08:32:28Z" duration-ms="32155">
      <class name="navish.SampleDemo.AppTest">
        <test-method is-config="true" signature="Startup()[pri:0, instance:navish.SampleDemo.AppTest@e4487af]" started-at="2018-09-01T08:31:55Z" name="Startup" finished-at="2018-09-01T08:32:19Z" duration-ms="23854" status="PASS">
          <reporter-output>
          </reporter-output>
        </test-method> <!-- Startup -->
        <test-method signature="Test1()[pri:0, instance:navish.SampleDemo.AppTest@e4487af]" started-at="2018-09-01T08:32:19Z" name="Test1" finished-at="2018-09-01T08:32:28Z" duration-ms="8260" status="PASS">
          <reporter-output>
          </reporter-output>
        </test-method> <!-- Test1 -->
      </class> <!-- navish.SampleDemo.AppTest -->
    </test> <!-- Default test -->
  </suite> <!-- Default suite -->
</testng-results>
